I0309 20:05:38.952519 25800 _caffe.cpp:68] Using devices [0]
[0]
Using network defined at area=1_net_deform_nobn.prototxt
I0309 20:05:43.551586 25835 upgrade_proto.cpp:1084] Attempting to upgrade input file specified using deprecated 'solver_type' field (enum)': /home/peterwg/repos/deformableSplatnet/exp/lidar3d/area=1/=1_solver.prototxt
I0309 20:05:43.551630 25835 upgrade_proto.cpp:1091] Successfully upgraded file specified using deprecated 'solver_type' field (enum) to 'type' field (string).
W0309 20:05:43.551651 25835 upgrade_proto.cpp:1093] Note that future Caffe releases will only support 'type' field (string) for a solver's type.
I0309 20:05:43.577025 25835 solver.cpp:45] Initializing solver from parameters: 
train_net: "area=1_net_deform_nobn.prototxt"
test_net: "area=1_net_deform_nobn.prototxt"
test_iter: 10
test_interval: 50
base_lr: 0.0001
display: 1
max_iter: 20000
lr_policy: "step"
gamma: 0.2
momentum: 0.9
weight_decay: 0.001
stepsize: 2000
snapshot: 50
snapshot_prefix: "/home/peterwg/repos/deformableSplatnet/exp/lidar3d/area=1/=1_net_deform_lr1e-4"
solver_mode: GPU
random_seed: 0
debug_info: false
iter_size: 10
momentum2: 0.999
type: "Adam"
I0309 20:05:43.577193 25835 solver.cpp:92] Creating training net from train_net file: area=1_net_deform_nobn.prototxt
F0309 20:05:43.577220 25835 io.cpp:36] Check failed: fd != -1 (-1 vs. -1) File not found: area=1_net_deform_nobn.prototxt
*** Check failure stack trace: ***
    @     0x7f709d3ffd4d  google::LogMessage::Fail()
    @     0x7f709d401b63  google::LogMessage::SendToLog()
    @     0x7f709d3ff8db  google::LogMessage::Flush()
    @     0x7f709d40254e  google::LogMessageFatal::~LogMessageFatal()
    @     0x7f709d803a38  caffe::ReadProtoFromTextFile()
    @     0x7f709d7f8196  caffe::ReadNetParamsFromTextFileOrDie()
    @     0x7f709d9c3e9f  caffe::Solver<>::InitTrainNet()
    @     0x7f709d9c5165  caffe::Solver<>::Init()
    @     0x7f709d9c547f  caffe::Solver<>::Solver()
    @     0x7f709d997081  caffe::Creator_AdamSolver<>()
    @     0x7f709e503993  caffe::GetSolverFromFile()
    @     0x7f709e514238  boost::python::objects::caller_py_function_impl<>::operator()()
    @     0x7f709c7de5cd  boost::python::objects::function::call()
    @     0x7f709c7de7c8  (unknown)
    @     0x7f709c7e6613  boost::python::handle_exception_impl()
    @     0x7f709c7db999  (unknown)
    @           0x4c166d  PyEval_EvalFrameEx
    @           0x4b9b66  PyEval_EvalCodeEx
    @           0x4d57a3  (unknown)
    @           0x4a587e  PyObject_Call
    @           0x4be51e  PyEval_EvalFrameEx
    @           0x4c141f  PyEval_EvalFrameEx
    @           0x4c141f  PyEval_EvalFrameEx
    @           0x4b9b66  PyEval_EvalCodeEx
    @           0x4d5669  (unknown)
    @           0x4eef5e  (unknown)
    @           0x4eeb66  (unknown)
    @           0x4aaafb  (unknown)
    @           0x4c166d  PyEval_EvalFrameEx
    @           0x4c141f  PyEval_EvalFrameEx
    @           0x4b9b66  PyEval_EvalCodeEx
    @           0x4c1f56  PyEval_EvalFrameEx
